mode: atomic
github.com/repejota/kvson/kvson.go:26.52,30.16 4 1
github.com/repejota/kvson/kvson.go:33.2,33.25 1 1
github.com/repejota/kvson/kvson.go:30.16,32.3 1 0
github.com/repejota/kvson/kvson.go:37.62,41.2 3 1
github.com/repejota/kvson/kvson.go:44.61,47.16 3 1
github.com/repejota/kvson/kvson.go:50.2,51.16 2 1
github.com/repejota/kvson/kvson.go:54.2,54.12 1 1
github.com/repejota/kvson/kvson.go:47.16,49.3 1 0
github.com/repejota/kvson/kvson.go:51.16,53.3 1 0
github.com/repejota/kvson/kvson.go:59.35,61.2 1 3
